This is pdfTeX, Version 3.141592653-2.6-1.40.24 (TeX Live 2022) (preloaded format=pdflatex 2022.9.26)  20 OCT 2022 12:45
entering extended mode
 restricted \write18 enabled.
 file:line:error style messages enabled.
 %&-line parsing enabled.
**2022SCMA329Chapter2Slides.tex
(./2022SCMA329Chapter2Slides.tex
LaTeX2e <2021-11-15> patch level 1
L3 programming layer <2022-02-24>
(/usr/local/texlive/2022/texmf-dist/tex/latex/extsizes/extreport.cls
Document Class: extreport 1996/10/08 v1.0 Non Standard LaTeX document class
(/usr/local/texlive/2022/texmf-dist/tex/latex/extsizes/size20.clo
File: size20.clo 1999/11/11 NON-Standard LaTeX file (size option)
)
(/usr/local/texlive/2022/texmf-dist/tex/latex/base/exscale.sty
Package: exscale 2018/09/24 v2.1i Standard LaTeX package exscale
LaTeX Font Info:    Redeclaring symbol font `largesymbols' on input line 57.
LaTeX Font Info:    Overwriting symbol font `largesymbols' in version `normal'
(Font)                  OMX/cmex/m/n --> OMX/cmex/m/n on input line 57.
LaTeX Font Info:    Overwriting symbol font `largesymbols' in version `bold'
(Font)                  OMX/cmex/m/n --> OMX/cmex/m/n on input line 57.
\big@size=\dimen138
)
\c@part=\count185
\c@chapter=\count186
\c@section=\count187
\c@subsection=\count188
\c@subsubsection=\count189
\c@paragraph=\count190
\c@subparagraph=\count191
\c@figure=\count192
\c@table=\count193
\abovecaptionskip=\skip47
\belowcaptionskip=\skip48
\bibindent=\dimen139
)
(/usr/local/texlive/2022/texmf-dist/tex/latex/amsmath/amsmath.sty
Package: amsmath 2021/10/15 v2.17l AMS math features
\@mathmargin=\skip49

For additional information on amsmath, use the `?' option.
(/usr/local/texlive/2022/texmf-dist/tex/latex/amsmath/amstext.sty
Package: amstext 2021/08/26 v2.01 AMS text

(/usr/local/texlive/2022/texmf-dist/tex/latex/amsmath/amsgen.sty
File: amsgen.sty 1999/11/30 v2.0 generic functions
\@emptytoks=\toks16
\ex@=\dimen140
))
(/usr/local/texlive/2022/texmf-dist/tex/latex/amsmath/amsbsy.sty
Package: amsbsy 1999/11/29 v1.2d Bold Symbols
\pmbraise@=\dimen141
)
(/usr/local/texlive/2022/texmf-dist/tex/latex/amsmath/amsopn.sty
Package: amsopn 2021/08/26 v2.02 operator names
)
\inf@bad=\count194
LaTeX Info: Redefining \frac on input line 234.
\uproot@=\count195
\leftroot@=\count196
LaTeX Info: Redefining \overline on input line 399.
\classnum@=\count197
\DOTSCASE@=\count198
LaTeX Info: Redefining \ldots on input line 496.
LaTeX Info: Redefining \dots on input line 499.
LaTeX Info: Redefining \cdots on input line 620.
\Mathstrutbox@=\box50
\strutbox@=\box51
\big@size=\dimen142
LaTeX Font Info:    Redeclaring font encoding OML on input line 743.
LaTeX Font Info:    Redeclaring font encoding OMS on input line 744.
\macc@depth=\count199
\c@MaxMatrixCols=\count266
\dotsspace@=\muskip16
\c@parentequation=\count267
\dspbrk@lvl=\count268
\tag@help=\toks17
\row@=\count269
\column@=\count270
\maxfields@=\count271
\andhelp@=\toks18
\eqnshift@=\dimen143
\alignsep@=\dimen144
\tagshift@=\dimen145
\tagwidth@=\dimen146
\totwidth@=\dimen147
\lineht@=\dimen148
\@envbody=\toks19
\multlinegap=\skip50
\multlinetaggap=\skip51
\mathdisplay@stack=\toks20
LaTeX Info: Redefining \[ on input line 2938.
LaTeX Info: Redefining \] on input line 2939.
)
(/usr/local/texlive/2022/texmf-dist/tex/latex/amsfonts/amssymb.sty
Package: amssymb 2013/01/14 v3.01 AMS font symbols

(/usr/local/texlive/2022/texmf-dist/tex/latex/amsfonts/amsfonts.sty
Package: amsfonts 2013/01/14 v3.01 Basic AMSFonts support
\symAMSa=\mathgroup4
\symAMSb=\mathgroup5
LaTeX Font Info:    Redeclaring math symbol \hbar on input line 98.
LaTeX Font Info:    Overwriting math alphabet `\mathfrak' in version `bold'
(Font)                  U/euf/m/n --> U/euf/b/n on input line 106.
))
(/usr/local/texlive/2022/texmf-dist/tex/latex/lm/lmodern.sty
Package: lmodern 2015/05/01 v1.6.1 Latin Modern Fonts
LaTeX Font Info:    Overwriting symbol font `operators' in version `normal'
(Font)                  OT1/cmr/m/n --> OT1/lmr/m/n on input line 22.
LaTeX Font Info:    Overwriting symbol font `letters' in version `normal'
(Font)                  OML/cmm/m/it --> OML/lmm/m/it on input line 23.
LaTeX Font Info:    Overwriting symbol font `symbols' in version `normal'
(Font)                  OMS/cmsy/m/n --> OMS/lmsy/m/n on input line 24.
LaTeX Font Info:    Overwriting symbol font `largesymbols' in version `normal'
(Font)                  OMX/cmex/m/n --> OMX/lmex/m/n on input line 25.
LaTeX Font Info:    Overwriting symbol font `operators' in version `bold'
(Font)                  OT1/cmr/bx/n --> OT1/lmr/bx/n on input line 26.
LaTeX Font Info:    Overwriting symbol font `letters' in version `bold'
(Font)                  OML/cmm/b/it --> OML/lmm/b/it on input line 27.
LaTeX Font Info:    Overwriting symbol font `symbols' in version `bold'
(Font)                  OMS/cmsy/b/n --> OMS/lmsy/b/n on input line 28.
LaTeX Font Info:    Overwriting symbol font `largesymbols' in version `bold'
(Font)                  OMX/cmex/m/n --> OMX/lmex/m/n on input line 29.
LaTeX Font Info:    Overwriting math alphabet `\mathbf' in version `normal'
(Font)                  OT1/cmr/bx/n --> OT1/lmr/bx/n on input line 31.
LaTeX Font Info:    Overwriting math alphabet `\mathsf' in version `normal'
(Font)                  OT1/cmss/m/n --> OT1/lmss/m/n on input line 32.
LaTeX Font Info:    Overwriting math alphabet `\mathit' in version `normal'
(Font)                  OT1/cmr/m/it --> OT1/lmr/m/it on input line 33.
LaTeX Font Info:    Overwriting math alphabet `\mathtt' in version `normal'
(Font)                  OT1/cmtt/m/n --> OT1/lmtt/m/n on input line 34.
LaTeX Font Info:    Overwriting math alphabet `\mathbf' in version `bold'
(Font)                  OT1/cmr/bx/n --> OT1/lmr/bx/n on input line 35.
LaTeX Font Info:    Overwriting math alphabet `\mathsf' in version `bold'
(Font)                  OT1/cmss/bx/n --> OT1/lmss/bx/n on input line 36.
LaTeX Font Info:    Overwriting math alphabet `\mathit' in version `bold'
(Font)                  OT1/cmr/bx/it --> OT1/lmr/bx/it on input line 37.
LaTeX Font Info:    Overwriting math alphabet `\mathtt' in version `bold'
(Font)                  OT1/cmtt/m/n --> OT1/lmtt/m/n on input line 38.
)
(/usr/local/texlive/2022/texmf-dist/tex/generic/iftex/iftex.sty
Package: iftex 2022/02/03 v1.0f TeX engine tests
)
(/usr/local/texlive/2022/texmf-dist/tex/latex/base/fontenc.sty
Package: fontenc 2021/04/29 v2.0v Standard LaTeX package
LaTeX Font Info:    Trying to load font information for T1+lmr on input line 11
2.

(/usr/local/texlive/2022/texmf-dist/tex/latex/lm/t1lmr.fd
File: t1lmr.fd 2015/05/01 v1.6.1 Font defs for Latin Modern
))
(/usr/local/texlive/2022/texmf-dist/tex/latex/base/inputenc.sty
Package: inputenc 2021/02/14 v1.3d Input encoding file
\inpenc@prehook=\toks21
\inpenc@posthook=\toks22
)
(/usr/local/texlive/2022/texmf-dist/tex/latex/base/textcomp.sty
Package: textcomp 2020/02/02 v2.0n Standard LaTeX package
)
(/usr/local/texlive/2022/texmf-dist/tex/latex/upquote/upquote.sty
Package: upquote 2012/04/19 v1.3 upright-quote and grave-accent glyphs in verba
tim
)
(/usr/local/texlive/2022/texmf-dist/tex/latex/microtype/microtype.sty
Package: microtype 2022/03/14 v3.0d Micro-typographical refinements (RS)

(/usr/local/texlive/2022/texmf-dist/tex/latex/graphics/keyval.sty
Package: keyval 2014/10/28 v1.15 key=value parser (DPC)
\KV@toks@=\toks23
)
(/usr/local/texlive/2022/texmf-dist/tex/latex/etoolbox/etoolbox.sty
Package: etoolbox 2020/10/05 v2.5k e-TeX tools for LaTeX (JAW)
\etb@tempcnta=\count272
)
\MT@toks=\toks24
\MT@tempbox=\box52
\MT@count=\count273
LaTeX Info: Redefining \noprotrusionifhmode on input line 1027.
LaTeX Info: Redefining \leftprotrusion on input line 1028.
LaTeX Info: Redefining \rightprotrusion on input line 1036.
LaTeX Info: Redefining \textls on input line 1195.
\MT@outer@kern=\dimen149
LaTeX Info: Redefining \textmicrotypecontext on input line 1781.
\MT@listname@count=\count274

(/usr/local/texlive/2022/texmf-dist/tex/latex/microtype/microtype-pdftex.def
File: microtype-pdftex.def 2022/03/14 v3.0d Definitions specific to pdftex (RS)

LaTeX Info: Redefining \lsstyle on input line 900.
LaTeX Info: Redefining \lslig on input line 900.
\MT@outer@space=\skip52
)
Package microtype Info: Loading configuration file microtype.cfg.

(/usr/local/texlive/2022/texmf-dist/tex/latex/microtype/microtype.cfg
File: microtype.cfg 2022/03/14 v3.0d microtype main configuration file (RS)
))
(/usr/local/texlive/2022/texmf-dist/tex/latex/parskip/parskip.sty
Package: parskip 2021-03-14 v2.0h non-zero parskip adjustments

(/usr/local/texlive/2022/texmf-dist/tex/latex/kvoptions/kvoptions.sty
Package: kvoptions 2020-10-07 v3.14 Key value format for package options (HO)

(/usr/local/texlive/2022/texmf-dist/tex/generic/ltxcmds/ltxcmds.sty
Package: ltxcmds 2020-05-10 v1.25 LaTeX kernel commands for general use (HO)
)
(/usr/local/texlive/2022/texmf-dist/tex/generic/kvsetkeys/kvsetkeys.sty
Package: kvsetkeys 2019/12/15 v1.18 Key value parser (HO)
)))
(/usr/local/texlive/2022/texmf-dist/tex/latex/xcolor/xcolor.sty
Package: xcolor 2021/10/31 v2.13 LaTeX color extensions (UK)

(/usr/local/texlive/2022/texmf-dist/tex/latex/graphics-cfg/color.cfg
File: color.cfg 2016/01/02 v1.6 sample color configuration
)
Package xcolor Info: Driver file: pdftex.def on input line 227.

(/usr/local/texlive/2022/texmf-dist/tex/latex/graphics-def/pdftex.def
File: pdftex.def 2020/10/05 v1.2a Graphics/color driver for pdftex
)
Package xcolor Info: Model `cmy' substituted by `cmy0' on input line 1352.
Package xcolor Info: Model `hsb' substituted by `rgb' on input line 1356.
Package xcolor Info: Model `RGB' extended on input line 1368.
Package xcolor Info: Model `HTML' substituted by `rgb' on input line 1370.
Package xcolor Info: Model `Hsb' substituted by `hsb' on input line 1371.
Package xcolor Info: Model `tHsb' substituted by `hsb' on input line 1372.
Package xcolor Info: Model `HSB' substituted by `hsb' on input line 1373.
Package xcolor Info: Model `Gray' substituted by `gray' on input line 1374.
Package xcolor Info: Model `wave' substituted by `hsb' on input line 1375.
)
(/usr/local/texlive/2022/texmf-dist/tex/latex/xurl/xurl.sty
Package: xurl 2022/01/09 v 0.10 modify URL breaks

(/usr/local/texlive/2022/texmf-dist/tex/latex/url/url.sty
\Urlmuskip=\muskip17
Package: url 2013/09/16  ver 3.4  Verb mode for urls, etc.
))
(/usr/local/texlive/2022/texmf-dist/tex/latex/bookmark/bookmark.sty
Package: bookmark 2020-11-06 v1.29 PDF bookmarks (HO)

(/usr/local/texlive/2022/texmf-dist/tex/latex/hyperref/hyperref.sty
Package: hyperref 2022-02-21 v7.00n Hypertext links for LaTeX

(/usr/local/texlive/2022/texmf-dist/tex/generic/pdftexcmds/pdftexcmds.sty
Package: pdftexcmds 2020-06-27 v0.33 Utility functions of pdfTeX for LuaTeX (HO
)

(/usr/local/texlive/2022/texmf-dist/tex/generic/infwarerr/infwarerr.sty
Package: infwarerr 2019/12/03 v1.5 Providing info/warning/error messages (HO)
)
Package pdftexcmds Info: \pdf@primitive is available.
Package pdftexcmds Info: \pdf@ifprimitive is available.
Package pdftexcmds Info: \pdfdraftmode found.
)
(/usr/local/texlive/2022/texmf-dist/tex/generic/kvdefinekeys/kvdefinekeys.sty
Package: kvdefinekeys 2019-12-19 v1.6 Define keys (HO)
)
(/usr/local/texlive/2022/texmf-dist/tex/generic/pdfescape/pdfescape.sty
Package: pdfescape 2019/12/09 v1.15 Implements pdfTeX's escape features (HO)
)
(/usr/local/texlive/2022/texmf-dist/tex/latex/hycolor/hycolor.sty
Package: hycolor 2020-01-27 v1.10 Color options for hyperref/bookmark (HO)
)
(/usr/local/texlive/2022/texmf-dist/tex/latex/letltxmacro/letltxmacro.sty
Package: letltxmacro 2019/12/03 v1.6 Let assignment for LaTeX macros (HO)
)
(/usr/local/texlive/2022/texmf-dist/tex/latex/auxhook/auxhook.sty
Package: auxhook 2019-12-17 v1.6 Hooks for auxiliary files (HO)
)
\@linkdim=\dimen150
\Hy@linkcounter=\count275
\Hy@pagecounter=\count276

(/usr/local/texlive/2022/texmf-dist/tex/latex/hyperref/pd1enc.def
File: pd1enc.def 2022-02-21 v7.00n Hyperref: PDFDocEncoding definition (HO)
Now handling font encoding PD1 ...
... no UTF-8 mapping file for font encoding PD1
)
(/usr/local/texlive/2022/texmf-dist/tex/generic/intcalc/intcalc.sty
Package: intcalc 2019/12/15 v1.3 Expandable calculations with integers (HO)
)
(/usr/local/texlive/2022/texmf-dist/tex/generic/etexcmds/etexcmds.sty
Package: etexcmds 2019/12/15 v1.7 Avoid name clashes with e-TeX commands (HO)
)
\Hy@SavedSpaceFactor=\count277

(/usr/local/texlive/2022/texmf-dist/tex/latex/hyperref/puenc.def
File: puenc.def 2022-02-21 v7.00n Hyperref: PDF Unicode definition (HO)
Now handling font encoding PU ...
... no UTF-8 mapping file for font encoding PU
)
Package hyperref Info: Option `unicode' set `true' on input line 4018.
Package hyperref Info: Hyper figures OFF on input line 4137.
Package hyperref Info: Link nesting OFF on input line 4142.
Package hyperref Info: Hyper index ON on input line 4145.
Package hyperref Info: Plain pages OFF on input line 4152.
Package hyperref Info: Backreferencing OFF on input line 4157.
Package hyperref Info: Implicit mode ON; LaTeX internals redefined.
Package hyperref Info: Bookmarks ON on input line 4390.
\c@Hy@tempcnt=\count278
LaTeX Info: Redefining \url on input line 4749.
\XeTeXLinkMargin=\dimen151

(/usr/local/texlive/2022/texmf-dist/tex/generic/bitset/bitset.sty
Package: bitset 2019/12/09 v1.3 Handle bit-vector datatype (HO)

(/usr/local/texlive/2022/texmf-dist/tex/generic/bigintcalc/bigintcalc.sty
Package: bigintcalc 2019/12/15 v1.5 Expandable calculations on big integers (HO
)
))
\Fld@menulength=\count279
\Field@Width=\dimen152
\Fld@charsize=\dimen153
Package hyperref Info: Hyper figures OFF on input line 6027.
Package hyperref Info: Link nesting OFF on input line 6032.
Package hyperref Info: Hyper index ON on input line 6035.
Package hyperref Info: backreferencing OFF on input line 6042.
Package hyperref Info: Link coloring OFF on input line 6047.
Package hyperref Info: Link coloring with OCG OFF on input line 6052.
Package hyperref Info: PDF/A mode OFF on input line 6057.
LaTeX Info: Redefining \ref on input line 6097.
LaTeX Info: Redefining \pageref on input line 6101.

(/usr/local/texlive/2022/texmf-dist/tex/latex/base/atbegshi-ltx.sty
Package: atbegshi-ltx 2021/01/10 v1.0c Emulation of the original atbegshi
package with kernel methods
)
\Hy@abspage=\count280
\c@Item=\count281
\c@Hfootnote=\count282
)
Package hyperref Info: Driver (autodetected): hpdftex.

(/usr/local/texlive/2022/texmf-dist/tex/latex/hyperref/hpdftex.def
File: hpdftex.def 2022-02-21 v7.00n Hyperref driver for pdfTeX

(/usr/local/texlive/2022/texmf-dist/tex/latex/base/atveryend-ltx.sty
Package: atveryend-ltx 2020/08/19 v1.0a Emulation of the original atveryend pac
kage
with kernel methods
)
\Fld@listcount=\count283
\c@bookmark@seq@number=\count284

(/usr/local/texlive/2022/texmf-dist/tex/latex/rerunfilecheck/rerunfilecheck.sty
Package: rerunfilecheck 2019/12/05 v1.9 Rerun checks for auxiliary files (HO)

(/usr/local/texlive/2022/texmf-dist/tex/generic/uniquecounter/uniquecounter.sty
Package: uniquecounter 2019/12/15 v1.4 Provide unlimited unique counter (HO)
)
Package uniquecounter Info: New unique counter `rerunfilecheck' on input line 2
86.
)
\Hy@SectionHShift=\skip53
) (/usr/local/texlive/2022/texmf-dist/tex/latex/bookmark/bkm-pdftex.def
File: bkm-pdftex.def 2020-11-06 v1.29 bookmark driver for pdfTeX (HO)
\BKM@id=\count285
))
(/usr/local/texlive/2022/texmf-dist/tex/latex/geometry/geometry.sty
Package: geometry 2020/01/02 v5.9 Page Geometry

(/usr/local/texlive/2022/texmf-dist/tex/generic/iftex/ifvtex.sty
Package: ifvtex 2019/10/25 v1.7 ifvtex legacy package. Use iftex instead.
)
\Gm@cnth=\count286
\Gm@cntv=\count287
\c@Gm@tempcnt=\count288
\Gm@bindingoffset=\dimen154
\Gm@wd@mp=\dimen155
\Gm@odd@mp=\dimen156
\Gm@even@mp=\dimen157
\Gm@layoutwidth=\dimen158
\Gm@layoutheight=\dimen159
\Gm@layouthoffset=\dimen160
\Gm@layoutvoffset=\dimen161
\Gm@dimlist=\toks25
)
(/usr/local/texlive/2022/texmf-dist/tex/latex/tools/longtable.sty
Package: longtable 2021-09-01 v4.17 Multi-page Table package (DPC)
\LTleft=\skip54
\LTright=\skip55
\LTpre=\skip56
\LTpost=\skip57
\LTchunksize=\count289
\LTcapwidth=\dimen162
\LT@head=\box53
\LT@firsthead=\box54
\LT@foot=\box55
\LT@lastfoot=\box56
\LT@gbox=\box57
\LT@cols=\count290
\LT@rows=\count291
\c@LT@tables=\count292
\c@LT@chunks=\count293
\LT@p@ftn=\toks26
)
(/usr/local/texlive/2022/texmf-dist/tex/latex/booktabs/booktabs.sty
Package: booktabs 2020/01/12 v1.61803398 Publication quality tables
\heavyrulewidth=\dimen163
\lightrulewidth=\dimen164
\cmidrulewidth=\dimen165
\belowrulesep=\dimen166
\belowbottomsep=\dimen167
\aboverulesep=\dimen168
\abovetopsep=\dimen169
\cmidrulesep=\dimen170
\cmidrulekern=\dimen171
\defaultaddspace=\dimen172
\@cmidla=\count294
\@cmidlb=\count295
\@aboverulesep=\dimen173
\@belowrulesep=\dimen174
\@thisruleclass=\count296
\@lastruleclass=\count297
\@thisrulewidth=\dimen175
)
(/usr/local/texlive/2022/texmf-dist/tex/latex/tools/array.sty
Package: array 2021/10/04 v2.5f Tabular extension package (FMi)
\col@sep=\dimen176
\ar@mcellbox=\box58
\extrarowheight=\dimen177
\NC@list=\toks27
\extratabsurround=\skip58
\backup@length=\skip59
\ar@cellbox=\box59
)
(/usr/local/texlive/2022/texmf-dist/tex/latex/tools/calc.sty
Package: calc 2017/05/25 v4.3 Infix arithmetic (KKT,FJ)
\calc@Acount=\count298
\calc@Bcount=\count299
\calc@Adimen=\dimen178
\calc@Bdimen=\dimen179
\calc@Askip=\skip60
\calc@Bskip=\skip61
LaTeX Info: Redefining \setlength on input line 80.
LaTeX Info: Redefining \addtolength on input line 81.
\calc@Ccount=\count300
\calc@Cskip=\skip62
)
(/usr/local/texlive/2022/texmf-dist/tex/latex/footnotehyper/footnotehyper.sty
Package: footnotehyper 2021/08/13 v1.1e hyperref aware footnote.sty (JFB)
\FNH@notes=\box60
\FNH@width=\dimen180
\FNH@toks=\toks28
)
(/usr/local/texlive/2022/texmf-dist/tex/latex/graphics/graphicx.sty
Package: graphicx 2021/09/16 v1.2d Enhanced LaTeX Graphics (DPC,SPQR)

(/usr/local/texlive/2022/texmf-dist/tex/latex/graphics/graphics.sty
Package: graphics 2021/03/04 v1.4d Standard LaTeX Graphics (DPC,SPQR)

(/usr/local/texlive/2022/texmf-dist/tex/latex/graphics/trig.sty
Package: trig 2021/08/11 v1.11 sin cos tan (DPC)
)
(/usr/local/texlive/2022/texmf-dist/tex/latex/graphics-cfg/graphics.cfg
File: graphics.cfg 2016/06/04 v1.11 sample graphics configuration
)
Package graphics Info: Driver file: pdftex.def on input line 107.
)
\Gin@req@height=\dimen181
\Gin@req@width=\dimen182
)
(/usr/local/texlive/2022/texmf-dist/tex/latex/amscls/amsthm.sty
Package: amsthm 2020/05/29 v2.20.6
\thm@style=\toks29
\thm@bodyfont=\toks30
\thm@headfont=\toks31
\thm@notefont=\toks32
\thm@headpunct=\toks33
\thm@preskip=\skip63
\thm@postskip=\skip64
\thm@headsep=\skip65
\dth@everypar=\toks34
)
(/usr/local/texlive/2022/texmf-dist/tex/latex/actuarialangle/actuarialangle.sty
Package: actuarialangle 2019/06/13 v2.1 Actuarial angle
(/usr/local/texlive/2022/texmf-dist/tex/latex/pict2e/pict2e.sty
Package: pict2e 2020/09/30 v0.4b Improved picture commands (HjG,RN,JT)

(/usr/local/texlive/2022/texmf-dist/tex/latex/pict2e/pict2e.cfg
File: pict2e.cfg 2016/02/05 v0.1u pict2e configuration for teTeX/TeXLive
)
Package pict2e Info: Driver file: pdftex.def on input line 112.
Package pict2e Info: Driver file for pict2e: p2e-pdftex.def on input line 114.

(/usr/local/texlive/2022/texmf-dist/tex/latex/pict2e/p2e-pdftex.def
File: p2e-pdftex.def 2016/02/05 v0.1u Driver-dependant file (RN,HjG,JT)
)
\pIIe@GRAPH=\toks35
\@arclen=\dimen183
\@arcrad=\dimen184
\pIIe@tempdima=\dimen185
\pIIe@tempdimb=\dimen186
\pIIe@tempdimc=\dimen187
\pIIe@tempdimd=\dimen188
\pIIe@tempdime=\dimen189
\pIIe@tempdimf=\dimen190
))
(/usr/local/texlive/2022/texmf-dist/tex/latex/bbm-macros/bbm.sty
Package: bbm 1999/03/15 V 1.2 provides fonts for set symbols - TH
LaTeX Font Info:    Overwriting math alphabet `\mathbbm' in version `bold'
(Font)                  U/bbm/m/n --> U/bbm/bx/n on input line 33.
LaTeX Font Info:    Overwriting math alphabet `\mathbbmss' in version `bold'
(Font)                  U/bbmss/m/n --> U/bbmss/bx/n on input line 35.
)
(/usr/local/texlive/2022/texmf-dist/tex/latex/mathtools/mathtools.sty
Package: mathtools 2022/02/07 v1.28a mathematical typesetting tools

(/usr/local/texlive/2022/texmf-dist/tex/latex/mathtools/mhsetup.sty
Package: mhsetup 2021/03/18 v1.4 programming setup (MH)
)
\g_MT_multlinerow_int=\count301
\l_MT_multwidth_dim=\dimen191
\origjot=\skip66
\l_MT_shortvdotswithinadjustabove_dim=\dimen192
\l_MT_shortvdotswithinadjustbelow_dim=\dimen193
\l_MT_above_intertext_sep=\dimen194
\l_MT_below_intertext_sep=\dimen195
\l_MT_above_shortintertext_sep=\dimen196
\l_MT_below_shortintertext_sep=\dimen197
\xmathstrut@box=\box61
\xmathstrut@dim=\dimen198
)
(/usr/local/texlive/2022/texmf-dist/tex/latex/natbib/natbib.sty
Package: natbib 2010/09/13 8.31b (PWD, AO)
\bibhang=\skip67
\bibsep=\skip68
LaTeX Info: Redefining \cite on input line 694.
\c@NAT@ctr=\count302
)
\c@theorem=\count303
\c@lemma=\count304
\c@corollary=\count305
\c@proposition=\count306
\c@conjecture=\count307
\c@definition=\count308
\c@example=\count309
\c@exercise=\count310
\c@hypothesis=\count311

(/usr/local/texlive/2022/texmf-dist/tex/latex/l3backend/l3backend-pdftex.def
File: l3backend-pdftex.def 2022-02-07 L3 backend support: PDF output (pdfTeX)
\l__color_backend_stack_int=\count312
\l__pdf_internal_box=\box62
)
(./2022SCMA329Chapter2Slides.aux)
\openout1 = `2022SCMA329Chapter2Slides.aux'.

LaTeX Font Info:    Checking defaults for OML/cmm/m/it on input line 113.
LaTeX Font Info:    ... okay on input line 113.
LaTeX Font Info:    Checking defaults for OMS/cmsy/m/n on input line 113.
LaTeX Font Info:    ... okay on input line 113.
LaTeX Font Info:    Checking defaults for OT1/cmr/m/n on input line 113.
LaTeX Font Info:    ... okay on input line 113.
LaTeX Font Info:    Checking defaults for T1/cmr/m/n on input line 113.
LaTeX Font Info:    ... okay on input line 113.
LaTeX Font Info:    Checking defaults for TS1/cmr/m/n on input line 113.
LaTeX Font Info:    ... okay on input line 113.
LaTeX Font Info:    Checking defaults for OMX/cmex/m/n on input line 113.
LaTeX Font Info:    ... okay on input line 113.
LaTeX Font Info:    Checking defaults for U/cmr/m/n on input line 113.
LaTeX Font Info:    ... okay on input line 113.
LaTeX Font Info:    Checking defaults for PD1/pdf/m/n on input line 113.
LaTeX Font Info:    ... okay on input line 113.
LaTeX Font Info:    Checking defaults for PU/pdf/m/n on input line 113.
LaTeX Font Info:    ... okay on input line 113.
LaTeX Info: Redefining \microtypecontext on input line 113.
Package microtype Info: Applying patch `item' on input line 113.
Package microtype Info: Applying patch `toc' on input line 113.
Package microtype Info: Applying patch `eqnum' on input line 113.
Package microtype Info: Applying patch `footnote' on input line 113.
Package microtype Info: Generating PDF output.
Package microtype Info: Character protrusion enabled (level 2).
Package microtype Info: Using protrusion set `basicmath'.
Package microtype Info: Automatic font expansion enabled (level 2),
(microtype)             stretch: 20, shrink: 20, step: 1, non-selected.
Package microtype Info: Using default expansion set `alltext-nott'.
LaTeX Info: Redefining \showhyphens on input line 113.
Package microtype Info: No adjustment of tracking.
Package microtype Info: No adjustment of interword spacing.
Package microtype Info: No adjustment of character kerning.

(/usr/local/texlive/2022/texmf-dist/tex/latex/microtype/mt-cmr.cfg
File: mt-cmr.cfg 2013/05/19 v2.2 microtype config. file: Computer Modern Roman 
(RS)
)
(/usr/local/texlive/2022/texmf-dist/tex/context/base/mkii/supp-pdf.mkii
[Loading MPS to PDF converter (version 2006.09.02).]
\scratchcounter=\count313
\scratchdimen=\dimen199
\scratchbox=\box63
\nofMPsegments=\count314
\nofMParguments=\count315
\everyMPshowfont=\toks36
\MPscratchCnt=\count316
\MPscratchDim=\dimen256
\MPnumerator=\count317
\makeMPintoPDFobject=\count318
\everyMPtoPDFconversion=\toks37
) (/usr/local/texlive/2022/texmf-dist/tex/latex/epstopdf-pkg/epstopdf-base.sty
Package: epstopdf-base 2020-01-24 v2.11 Base part for package epstopdf
Package epstopdf-base Info: Redefining graphics rule for `.eps' on input line 4
85.

(/usr/local/texlive/2022/texmf-dist/tex/latex/latexconfig/epstopdf-sys.cfg
File: epstopdf-sys.cfg 2010/07/13 v1.3 Configuration of (r)epstopdf for TeX Liv
e
))
Package hyperref Info: Link coloring OFF on input line 113.

(/usr/local/texlive/2022/texmf-dist/tex/latex/hyperref/nameref.sty
Package: nameref 2021-04-02 v2.47 Cross-referencing by name of section

(/usr/local/texlive/2022/texmf-dist/tex/latex/refcount/refcount.sty
Package: refcount 2019/12/15 v3.6 Data extraction from label references (HO)
)
(/usr/local/texlive/2022/texmf-dist/tex/generic/gettitlestring/gettitlestring.s
ty
Package: gettitlestring 2019/12/15 v1.6 Cleanup title references (HO)
)
\c@section@level=\count319
)
LaTeX Info: Redefining \ref on input line 113.
LaTeX Info: Redefining \pageref on input line 113.
LaTeX Info: Redefining \nameref on input line 113.

*geometry* driver: auto-detecting
*geometry* detected driver: pdftex
*geometry* verbose mode - [ preamble ] result:
* driver: pdftex
* paper: <default>
* layout: <same size as paper>
* layoutoffset:(h,v)=(0.0pt,0.0pt)
* modes: landscape 
* h-part:(L,W,R)=(72.26999pt, 650.43001pt, 72.26999pt)
* v-part:(T,H,B)=(72.26999pt, 469.75502pt, 72.26999pt)
* \paperwidth=794.96999pt
* \paperheight=614.295pt
* \textwidth=650.43001pt
* \textheight=469.75502pt
* \oddsidemargin=0.0pt
* \evensidemargin=0.0pt
* \topmargin=-50.0pt
* \headheight=20.0pt
* \headsep=30.0pt
* \topskip=20.0pt
* \footskip=35.0pt
* \marginparwidth=84.0pt
* \marginparsep=15.0pt
* \columnsep=10.0pt
* \skip\footins=16.0pt plus 6.0pt minus 3.0pt
* \hoffset=0.0pt
* \voffset=0.0pt
* \mag=1000
* \@twocolumnfalse
* \@twosidefalse
* \@mparswitchfalse
* \@reversemarginfalse
* (1in=72.27pt=25.4mm, 1cm=28.453pt)

LaTeX Font Info:    Trying to load font information for OT1+lmr on input line 1
15.
(/usr/local/texlive/2022/texmf-dist/tex/latex/lm/ot1lmr.fd
File: ot1lmr.fd 2015/05/01 v1.6.1 Font defs for Latin Modern
)
LaTeX Font Info:    Trying to load font information for OML+lmm on input line 1
15.

(/usr/local/texlive/2022/texmf-dist/tex/latex/lm/omllmm.fd
File: omllmm.fd 2015/05/01 v1.6.1 Font defs for Latin Modern
)
LaTeX Font Info:    Trying to load font information for OMS+lmsy on input line 
115.

(/usr/local/texlive/2022/texmf-dist/tex/latex/lm/omslmsy.fd
File: omslmsy.fd 2015/05/01 v1.6.1 Font defs for Latin Modern
)
LaTeX Font Info:    Trying to load font information for OMX+lmex on input line 
115.

(/usr/local/texlive/2022/texmf-dist/tex/latex/lm/omxlmex.fd
File: omxlmex.fd 2015/05/01 v1.6.1 Font defs for Latin Modern
)
LaTeX Font Info:    External font `lmex10' loaded for size
(Font)              <24.88> on input line 115.
LaTeX Font Info:    External font `lmex10' loaded for size
(Font)              <20.74> on input line 115.
LaTeX Font Info:    External font `lmex10' loaded for size
(Font)              <17.28> on input line 115.
LaTeX Font Info:    Trying to load font information for U+msa on input line 115
.

(/usr/local/texlive/2022/texmf-dist/tex/latex/amsfonts/umsa.fd
File: umsa.fd 2013/01/14 v3.01 AMS symbols A
)
(/usr/local/texlive/2022/texmf-dist/tex/latex/microtype/mt-msa.cfg
File: mt-msa.cfg 2006/02/04 v1.1 microtype config. file: AMS symbols (a) (RS)
)
LaTeX Font Info:    Trying to load font information for U+msb on input line 115
.

(/usr/local/texlive/2022/texmf-dist/tex/latex/amsfonts/umsb.fd
File: umsb.fd 2013/01/14 v3.01 AMS symbols B
)
(/usr/local/texlive/2022/texmf-dist/tex/latex/microtype/mt-msb.cfg
File: mt-msb.cfg 2005/06/01 v1.0 microtype config. file: AMS symbols (b) (RS)
) [1

{/usr/local/texlive/2022/texmf-var/fonts/map/pdftex/updmap/pdftex.map}]
Chapter 2.

pdfTeX warning (ext4): destination with the same identifier (name{page.1}) has 
been already used, duplicate ignored
<to be read again> 
                   \relax 
l.136 
       [1

]
LaTeX Font Info:    Trying to load font information for TS1+lmr on input line 1
47.
 (/usr/local/texlive/2022/texmf-dist/tex/latex/lm/ts1lmr.fd
File: ts1lmr.fd 2015/05/01 v1.6.1 Font defs for Latin Modern
) [2]
[3] [4]
<FigFinancialSystem.jpeg, id=33, 490.08093pt x 322.20375pt>
File: FigFinancialSystem.jpeg Graphic file (type jpg)
<use FigFinancialSystem.jpeg>
Package pdftex.def Info: FigFinancialSystem.jpeg  used on input line 213.
(pdftex.def)             Requested size: 490.10217pt x 322.2177pt.
LaTeX Font Info:    External font `lmex10' loaded for size
(Font)              <14.4> on input line 214.
LaTeX Font Info:    External font `lmex10' loaded for size
(Font)              <12> on input line 214.
 [5 <./FigFinancialSystem.jpeg>] [6] [7] [8]

LaTeX Warning: Command \textbaht invalid in math mode on input line 289.


LaTeX Warning: Command \textbaht invalid in math mode on input line 289.

[9] [10] [11] [12] [13] [14] [15] [16] [17] [18] [19] [20] [21] [22]
Underfull \hbox (badness 10000) in paragraph at lines 616--617

 []

[23] [24] [25]
Overfull \hbox (20.26915pt too wide) in alignment at lines 682--714
 [] [] [] [] [] [] [] [] [] [] [] [] [] 
 []


Overfull \hbox (20.26915pt too wide) in alignment at lines 714--744
 [] [] [] [] [] [] [] [] [] [] [] [] [] 
 []


Overfull \hbox (1.84535pt too wide) in paragraph at lines 745--745
[]|\T1/lmr/m/n/20.74 (-20) 91.93|  
 []


Overfull \hbox (1.84535pt too wide) in paragraph at lines 745--745
[]|\T1/lmr/m/n/20.74 (-20) 92.75|  
 []


Overfull \hbox (1.84535pt too wide) in paragraph at lines 745--745
[]|\T1/lmr/m/n/20.74 (-20) 94.03|  
 []


Overfull \hbox (1.84535pt too wide) in paragraph at lines 745--745
[]|\T1/lmr/m/n/20.74 (-20) 94.35|  
 []


Overfull \hbox (1.84535pt too wide) in paragraph at lines 745--745
[]|\T1/lmr/m/n/20.74 (-20) 94.47|  
 []


Overfull \hbox (1.84535pt too wide) in paragraph at lines 745--745
[]|\T1/lmr/m/n/20.74 (-20) 94.64|  
 []


Overfull \hbox (1.84535pt too wide) in paragraph at lines 745--745
[]|\T1/lmr/m/n/20.74 (-20) 95.05|  
 []


Overfull \hbox (1.84535pt too wide) in paragraph at lines 745--745
[]|\T1/lmr/m/n/20.74 (-20) 94.73|  
 []


Overfull \hbox (1.84535pt too wide) in paragraph at lines 745--745
[]|\T1/lmr/m/n/20.74 (-20) 94.91|  
 []


Overfull \hbox (1.84535pt too wide) in paragraph at lines 745--745
[]|\T1/lmr/m/n/20.74 (-20) 95.12|  
 []


Overfull \hbox (1.84535pt too wide) in paragraph at lines 745--746
[]|\T1/lmr/m/n/20.74 (-20) 94.66|  
 []


Overfull \hbox (1.84535pt too wide) in paragraph at lines 746--746
[]|\T1/lmr/m/n/20.74 (-20) 95.03|  
 []


Overfull \hbox (1.84535pt too wide) in paragraph at lines 746--746
[]|\T1/lmr/m/n/20.74 (-20) 95.38|  
 []


Overfull \hbox (1.84535pt too wide) in paragraph at lines 746--746
[]|\T1/lmr/m/n/20.74 (-20) 95.95|  
 []


Overfull \hbox (1.84535pt too wide) in paragraph at lines 746--746
[]|\T1/lmr/m/n/20.74 (-20) 96.35|  
 []


Overfull \hbox (1.84535pt too wide) in paragraph at lines 746--746
[]|\T1/lmr/m/n/20.74 (-20) 96.73|  
 []


Overfull \hbox (1.84535pt too wide) in paragraph at lines 746--746
[]|\T1/lmr/m/n/20.74 (-20) 96.89|  
 []


Overfull \hbox (1.84535pt too wide) in paragraph at lines 746--746
[]|\T1/lmr/m/n/20.74 (-20) 97.22|  
 []


Overfull \hbox (1.84535pt too wide) in paragraph at lines 746--746
[]|\T1/lmr/m/n/20.74 (-20) 97.61|  
 []


Overfull \hbox (1.84535pt too wide) in paragraph at lines 746--746
[]|\T1/lmr/m/n/20.74 (-20) 97.93|  
 []


Overfull \hbox (1.84535pt too wide) in paragraph at lines 746--746
[]|\T1/lmr/m/n/20.74 (-20) 98.06|  
 []


Overfull \hbox (1.84535pt too wide) in paragraph at lines 746--746
[]|\T1/lmr/m/n/20.74 (-20) 97.71|  
 []


Overfull \hbox (1.84535pt too wide) in paragraph at lines 746--747
[]|\T1/lmr/m/n/20.74 (-20) 98.09|  
 []


Overfull \hbox (1.84535pt too wide) in paragraph at lines 747--747
[]|\T1/lmr/m/n/20.74 (-20) 98.25|  
 []


Overfull \hbox (1.84535pt too wide) in paragraph at lines 747--747
[]|\T1/lmr/m/n/20.74 (-20) 98.46|  
 []


Overfull \hbox (1.84535pt too wide) in paragraph at lines 747--747
[]|\T1/lmr/m/n/20.74 (-20) 98.52|  
 []


Overfull \hbox (1.84535pt too wide) in paragraph at lines 747--747
[]|\T1/lmr/m/n/20.74 (-20) 98.68|  
 []


Overfull \hbox (1.84535pt too wide) in paragraph at lines 747--747
[]|\T1/lmr/m/n/20.74 (-20) 98.92|  
 []


Overfull \hbox (1.84535pt too wide) in paragraph at lines 747--747
[]|\T1/lmr/m/n/20.74 (-20) 99.07|  
 []


Overfull \hbox (1.84535pt too wide) in paragraph at lines 747--747
[]|\T1/lmr/m/n/20.74 (-20) 99.17|  
 []


Overfull \hbox (1.84535pt too wide) in paragraph at lines 747--747
[]|\T1/lmr/m/n/20.74 (-20) 99.16|  
 []


Overfull \hbox (1.84535pt too wide) in paragraph at lines 747--747
[]|\T1/lmr/m/n/20.74 (-20) 99.32|  
 []


Overfull \hbox (1.84535pt too wide) in paragraph at lines 747--747
[]|\T1/lmr/m/n/20.74 (-20) 99.49|  
 []


Overfull \hbox (1.84535pt too wide) in paragraph at lines 747--747
[]|\T1/lmr/m/n/20.74 (-20) 99.59|  
 []


Overfull \hbox (1.84535pt too wide) in paragraph at lines 747--748
[]|\T1/lmr/m/n/20.74 (-20) 99.73|  
 []


Overfull \hbox (11.16696pt too wide) in paragraph at lines 748--748
[]|\T1/lmr/m/n/20.74 (-20) 100.15|  
 []


Overfull \hbox (11.16696pt too wide) in paragraph at lines 748--748
[]|\T1/lmr/m/n/20.74 (-20) 100.39|  
 []


Overfull \hbox (1.84535pt too wide) in paragraph at lines 748--748
[]|\T1/lmr/m/n/20.74 (-20) 100.6|  
 []


Overfull \hbox (1.84535pt too wide) in paragraph at lines 748--748
[]|\T1/lmr/m/n/20.74 (-20) 101.1|  
 []


Overfull \hbox (11.16696pt too wide) in paragraph at lines 748--748
[]|\T1/lmr/m/n/20.74 (-20) 101.51|  
 []


Overfull \hbox (1.84535pt too wide) in paragraph at lines 748--748
[]|\T1/lmr/m/n/20.74 (-20) 101.4|  
 []


Overfull \hbox (11.16696pt too wide) in paragraph at lines 748--748
[]|\T1/lmr/m/n/20.74 (-20) 101.32|  
 []


Overfull \hbox (11.16696pt too wide) in paragraph at lines 748--748
[]|\T1/lmr/m/n/20.74 (-20) 101.23|  
 []


Overfull \hbox (11.16696pt too wide) in paragraph at lines 748--748
[]|\T1/lmr/m/n/20.74 (-20) 101.06|  
 []


Overfull \hbox (11.16696pt too wide) in paragraph at lines 748--748
[]|\T1/lmr/m/n/20.74 (-20) 100.96|  
 []


Overfull \hbox (11.16696pt too wide) in paragraph at lines 748--748
[]|\T1/lmr/m/n/20.74 (-20) 100.84|  
 []


Overfull \hbox (11.16696pt too wide) in paragraph at lines 748--749
[]|\T1/lmr/m/n/20.74 (-20) 100.33|  
 []


Overfull \hbox (1.84535pt too wide) in paragraph at lines 749--749
[]|\T1/lmr/m/n/20.74 (-20) 99.74|  
 []


Overfull \hbox (1.84535pt too wide) in paragraph at lines 749--749
[]|\T1/lmr/m/n/20.74 (-20) 99.86|  
 []


Overfull \hbox (11.16696pt too wide) in paragraph at lines 749--749
[]|\T1/lmr/m/n/20.74 (-20) 100.03|  
 []


Overfull \hbox (11.16696pt too wide) in paragraph at lines 749--749
[]|\T1/lmr/m/n/20.74 (-20) 100.05|  
 []


Overfull \hbox (11.16696pt too wide) in paragraph at lines 749--749
[]|\T1/lmr/m/n/20.74 (-20) 100.22|  
 []


Overfull \hbox (11.16696pt too wide) in paragraph at lines 749--749
[]|\T1/lmr/m/n/20.74 (-20) 100.32|  
 []


Overfull \hbox (11.16696pt too wide) in paragraph at lines 749--749
[]|\T1/lmr/m/n/20.74 (-20) 100.25|  
 []


Overfull \hbox (11.16696pt too wide) in paragraph at lines 749--749
[]|\T1/lmr/m/n/20.74 (-20) 100.03|  
 []


Overfull \hbox (1.84535pt too wide) in paragraph at lines 749--749
[]|\T1/lmr/m/n/20.74 (-20) 99.98|  
 []


Overfull \hbox (11.16696pt too wide) in paragraph at lines 749--749
[]|\T1/lmr/m/n/20.74 (-20) 100.18|  
 []


Overfull \hbox (1.84535pt too wide) in paragraph at lines 749--749
[]|\T1/lmr/m/n/20.74 (-20) 99.86|  
 []


Overfull \hbox (1.84535pt too wide) in paragraph at lines 749--750
[]|\T1/lmr/m/n/20.74 (-20) 99.47|  
 []


Overfull \hbox (1.84535pt too wide) in paragraph at lines 750--750
[]|\T1/lmr/m/n/20.74 (-20) 99.21|  
 []


Overfull \hbox (1.84535pt too wide) in paragraph at lines 750--750
[]|\T1/lmr/m/n/20.74 (-20) 99.36|  
 []


Overfull \hbox (1.84535pt too wide) in paragraph at lines 750--750
[]|\T1/lmr/m/n/20.74 (-20) 99.57|  
 []


Overfull \hbox (11.16696pt too wide) in paragraph at lines 750--750
[]|\T1/lmr/m/n/20.74 (-20) 100.11|  
 []


Overfull \hbox (11.16696pt too wide) in paragraph at lines 750--750
[]|\T1/lmr/m/n/20.74 (-20) 100.68|  
 []


Overfull \hbox (11.16696pt too wide) in paragraph at lines 750--750
[]|\T1/lmr/m/n/20.74 (-20) 100.71|  
 []


Overfull \hbox (11.16696pt too wide) in paragraph at lines 750--750
[]|\T1/lmr/m/n/20.74 (-20) 100.36|  
 []


Overfull \hbox (11.16696pt too wide) in paragraph at lines 750--750
[]|\T1/lmr/m/n/20.74 (-20) 100.32|  
 []


Overfull \hbox (11.16696pt too wide) in paragraph at lines 750--750
[]|\T1/lmr/m/n/20.74 (-20) 100.36|  
 []


Overfull \hbox (11.16696pt too wide) in paragraph at lines 750--750
[]|\T1/lmr/m/n/20.74 (-20) 100.52|  
 []


Overfull \hbox (11.16696pt too wide) in paragraph at lines 750--750
[]|\T1/lmr/m/n/20.74 (-20) 100.46|  
 []


Overfull \hbox (11.16696pt too wide) in paragraph at lines 750--751
[]|\T1/lmr/m/n/20.74 (-20) 100.59|  
 []


Overfull \hbox (11.16696pt too wide) in paragraph at lines 751--751
[]|\T1/lmr/m/n/20.74 (-20) 100.75|  
 []


Overfull \hbox (11.16696pt too wide) in paragraph at lines 751--751
[]|\T1/lmr/m/n/20.74 (-20) 100.79|  
 []


Overfull \hbox (11.16696pt too wide) in paragraph at lines 751--751
[]|\T1/lmr/m/n/20.74 (-20) 100.33|  
 []


Overfull \hbox (11.16696pt too wide) in paragraph at lines 751--751
[]|\T1/lmr/m/n/20.74 (-20) 100.49|  
 []


Overfull \hbox (11.16696pt too wide) in paragraph at lines 751--751
[]|\T1/lmr/m/n/20.74 (-20) 100.64|  
 []


Overfull \hbox (11.16696pt too wide) in paragraph at lines 751--751
[]|\T1/lmr/m/n/20.74 (-20) 100.66|  
 []


Overfull \hbox (11.16696pt too wide) in paragraph at lines 751--751
[]|\T1/lmr/m/n/20.74 (-20) 100.53|  
 []


Overfull \hbox (11.16696pt too wide) in paragraph at lines 751--751
[]|\T1/lmr/m/n/20.74 (-20) 100.64|  
 []


Overfull \hbox (11.16696pt too wide) in paragraph at lines 751--751
[]|\T1/lmr/m/n/20.74 (-20) 101.22|  
 []


Overfull \hbox (11.16696pt too wide) in paragraph at lines 751--751
[]|\T1/lmr/m/n/20.74 (-20) 101.38|  
 []


Overfull \hbox (11.16696pt too wide) in paragraph at lines 751--751
[]|\T1/lmr/m/n/20.74 (-20) 101.45|  
 []


Overfull \hbox (11.16696pt too wide) in paragraph at lines 751--752
[]|\T1/lmr/m/n/20.74 (-20) 101.37|  
 []


Overfull \hbox (11.16696pt too wide) in paragraph at lines 752--752
[]|\T1/lmr/m/n/20.74 (-20) 101.44|  
 []


Overfull \hbox (11.16696pt too wide) in paragraph at lines 752--752
[]|\T1/lmr/m/n/20.74 (-20) 101.21|  
 []


Overfull \hbox (11.16696pt too wide) in paragraph at lines 752--752
[]|\T1/lmr/m/n/20.74 (-20) 101.12|  
 []


Overfull \hbox (11.16696pt too wide) in paragraph at lines 752--752
[]|\T1/lmr/m/n/20.74 (-20) 101.57|  
 []


Overfull \hbox (11.16696pt too wide) in paragraph at lines 752--752
[]|\T1/lmr/m/n/20.74 (-20) 102.14|  
 []


Overfull \hbox (11.16696pt too wide) in paragraph at lines 752--752
[]|\T1/lmr/m/n/20.74 (-20) 102.05|  
 []


Overfull \hbox (11.16696pt too wide) in paragraph at lines 752--752
[]|\T1/lmr/m/n/20.74 (-20) 102.00|  
 []


Overfull \hbox (11.16696pt too wide) in paragraph at lines 752--752
[]|\T1/lmr/m/n/20.74 (-20) 102.27|  
 []


Overfull \hbox (11.16696pt too wide) in paragraph at lines 752--752
[]|\T1/lmr/m/n/20.74 (-20) 102.57|  
 []


Overfull \hbox (11.16696pt too wide) in paragraph at lines 752--752
[]|\T1/lmr/m/n/20.74 (-20) 102.63|  
 []


Overfull \hbox (11.16696pt too wide) in paragraph at lines 752--752
[]|\T1/lmr/m/n/20.74 (-20) 102.40|  
 []


Overfull \hbox (11.16696pt too wide) in paragraph at lines 752--753
[]|\T1/lmr/m/n/20.74 (-20) 101.73|  
 []


Overfull \hbox (11.16696pt too wide) in paragraph at lines 753--753
[]|\T1/lmr/m/n/20.74 (-20) 101.71|  
 []


Overfull \hbox (11.16696pt too wide) in paragraph at lines 753--753
[]|\T1/lmr/m/n/20.74 (-20) 101.95|  
 []


Overfull \hbox (11.16696pt too wide) in paragraph at lines 753--753
[]|\T1/lmr/m/n/20.74 (-20) 102.37|  
 []


Overfull \hbox (11.16696pt too wide) in paragraph at lines 753--753
[]|\T1/lmr/m/n/20.74 (-20) 102.82|  
 []


Overfull \hbox (11.16696pt too wide) in paragraph at lines 753--753
[]|\T1/lmr/m/n/20.74 (-20) 103.31|  
 []


Overfull \hbox (11.16696pt too wide) in paragraph at lines 753--753
[]|\T1/lmr/m/n/20.74 (-20) 102.94|  
 []


Overfull \hbox (11.16696pt too wide) in paragraph at lines 753--753
[]|\T1/lmr/m/n/20.74 (-20) 103.00|  
 []


Overfull \hbox (11.16696pt too wide) in paragraph at lines 753--753
[]|\T1/lmr/m/n/20.74 (-20) 102.80|  
 []


Overfull \hbox (11.16696pt too wide) in paragraph at lines 753--753
[]|\T1/lmr/m/n/20.74 (-20) 102.90|  
 []


Overfull \hbox (11.16696pt too wide) in paragraph at lines 753--753
[]|\T1/lmr/m/n/20.74 (-20) 102.74|  
 []


Overfull \hbox (11.16696pt too wide) in paragraph at lines 753--753
[]|\T1/lmr/m/n/20.74 (-20) 102.61|  
 []


Overfull \hbox (11.16696pt too wide) in paragraph at lines 753--754
[]|\T1/lmr/m/n/20.74 (-20) 102.62|  
 []


Overfull \hbox (20.26915pt too wide) in alignment at lines 744--755
 [] [] [] [] [] [] [] [] [] [] [] [] [] 
 []

[26]
<figCPI-1.pdf, id=207, 459.7175pt x 313.17pt>
File: figCPI-1.pdf Graphic file (type pdf)
<use figCPI-1.pdf>
Package pdftex.def Info: figCPI-1.pdf  used on input line 762.
(pdftex.def)             Requested size: 459.7304pt x 313.17877pt.
Package epstopdf Info: Source file: <CPIGraph.eps>
(epstopdf)                    date: 2022-09-14 09:13:59
(epstopdf)                    size: 7643 bytes
(epstopdf)             Output file: <CPIGraph-eps-converted-to.pdf>
(epstopdf)                    date: 2022-10-20 12:41:47
(epstopdf)                    size: 10708 bytes
(epstopdf)             Command: <repstopdf --outfile=CPIGraph-eps-converted-to.
pdf CPIGraph.eps>
(epstopdf)             \includegraphics on input line 771.
Package epstopdf Info: Output file is already uptodate.
<CPIGraph-eps-converted-to.pdf, id=208, 509.905pt x 342.27875pt>
File: CPIGraph-eps-converted-to.pdf Graphic file (type pdf)
<use CPIGraph-eps-converted-to.pdf>
Package pdftex.def Info: CPIGraph-eps-converted-to.pdf  used on input line 771.

(pdftex.def)             Requested size: 509.92708pt x 342.29355pt.
 [27] [28 <./figCPI-1.pdf>] [29 <./CPIGraph-eps-converted-to.pdf>] [30]
[31] [32] [33] [34] [35] [36] [37] [38] [39] [40] [41] [42] [43]
(./2022SCMA329Chapter2Slides.aux) ) 
Here is how much of TeX's memory you used:
 15327 strings out of 478268
 245750 string characters out of 5846347
 592057 words of memory out of 5000000
 32852 multiletter control sequences out of 15000+600000
 560319 words of font info for 221 fonts, out of 8000000 for 9000
 1141 hyphenation exceptions out of 8191
 74i,13n,77p,1022b,593s stack positions out of 10000i,1000n,20000p,200000b,200000s
{/usr/local/texlive/2022/texmf-dist/fonts/en
c/dvips/lm/lm-ts1.enc}{/usr/local/texlive/2022/texmf-dist/fonts/enc/dvips/lm/lm
-ec.enc}{/usr/local/texlive/2022/texmf-dist/fonts/enc/dvips/lm/lm-mathex.enc}{/
usr/local/texlive/2022/texmf-dist/fonts/enc/dvips/lm/lm-rm.enc}{/usr/local/texl
ive/2022/texmf-dist/fonts/enc/dvips/lm/lm-mathsy.enc}{/usr/local/texlive/2022/t
exmf-dist/fonts/enc/dvips/lm/lm-mathit.enc}</usr/local/texlive/2022/texmf-dist/
fonts/type1/public/lm/lmbx12.pfb></usr/local/texlive/2022/texmf-dist/fonts/type
1/public/lm/lmbxi10.pfb></usr/local/texlive/2022/texmf-dist/fonts/type1/public/
lm/lmex10.pfb></usr/local/texlive/2022/texmf-dist/fonts/type1/public/lm/lmmi12.
pfb></usr/local/texlive/2022/texmf-dist/fonts/type1/public/lm/lmr12.pfb></usr/l
ocal/texlive/2022/texmf-dist/fonts/type1/public/lm/lmr17.pfb></usr/local/texliv
e/2022/texmf-dist/fonts/type1/public/lm/lmri12.pfb></usr/local/texlive/2022/tex
mf-dist/fonts/type1/public/lm/lmsy10.pfb>
Output written on 2022SCMA329Chapter2Slides.pdf (44 pages, 256932 bytes).
PDF statistics:
 453 PDF objects out of 1000 (max. 8388607)
 374 compressed objects within 4 object streams
 145 named destinations out of 1000 (max. 500000)
 49272 words of extra memory for PDF output out of 51595 (max. 10000000)

